10-02-2021 11:55:21.480 WARN  c.i.j.java350.service.EmployeService.embaucheEmploye - Aucun matricule trouvé, matricule initial affecté
10-02-2021 11:57:47.043 WARN  c.i.j.java350.service.EmployeService.embaucheEmploye - Aucun matricule trouvé, matricule initial affecté
10-02-2021 11:59:27.512 WARN  c.i.j.java350.service.EmployeService.embaucheEmploye - Aucun matricule trouvé, matricule initial affecté
10-02-2021 12:02:07.856 WARN  c.i.j.java350.service.EmployeService.embaucheEmploye - Aucun matricule trouvé, matricule initial affecté
10-02-2021 13:08:58.298 WARN  c.i.j.java350.service.EmployeService.embaucheEmploye - Aucun matricule trouvé, matricule initial affecté
10-02-2021 13:11:06.770 WARN  c.i.j.java350.service.EmployeService.embaucheEmploye - Aucun matricule trouvé, matricule initial affecté
10-02-2021 13:11:06.777 ERROR c.i.j.java350.service.EmployeService.embaucheEmploye - L'employé de matricule T00001 existe déjà en BDD
10-02-2021 13:11:06.834 WARN  c.i.j.java350.service.EmployeService.embaucheEmploye - Aucun matricule trouvé, matricule initial affecté
10-02-2021 13:11:06.850 ERROR c.i.j.java350.service.EmployeService.embaucheEmploye - Limite des 100000 matricules atteinte !
10-02-2021 13:43:21.560 WARN  c.i.j.java350.service.EmployeService.embaucheEmploye - Aucun matricule trouvé, matricule initial affecté
10-02-2021 13:48:30.721 WARN  c.i.j.java350.service.EmployeService.embaucheEmploye - Aucun matricule trouvé, matricule initial affecté
10-02-2021 13:56:34.383 WARN  c.i.j.java350.service.EmployeService.embaucheEmploye - Aucun matricule trouvé, matricule initial affecté
10-02-2021 13:56:47.326 WARN  c.i.j.java350.service.EmployeService.embaucheEmploye - Aucun matricule trouvé, matricule initial affecté
10-02-2021 13:56:47.333 ERROR c.i.j.java350.service.EmployeService.embaucheEmploye - L'employé de matricule T00001 existe déjà en BDD
10-02-2021 13:57:40.604 WARN  c.i.j.java350.service.EmployeService.embaucheEmploye - Aucun matricule trouvé, matricule initial affecté
10-02-2021 13:58:36.377 ERROR c.i.j.java350.service.EmployeService.embaucheEmploye - Limite des 100000 matricules atteinte !
10-02-2021 13:58:49.434 WARN  c.i.j.java350.service.EmployeService.embaucheEmploye - Aucun matricule trouvé, matricule initial affecté
10-02-2021 13:58:49.443 ERROR c.i.j.java350.service.EmployeService.embaucheEmploye - L'employé de matricule T00001 existe déjà en BDD
10-02-2021 13:58:55.224 WARN  c.i.j.java350.service.EmployeService.embaucheEmploye - Aucun matricule trouvé, matricule initial affecté
10-02-2021 14:02:04.291 WARN  c.i.j.java350.service.EmployeService.embaucheEmploye - Aucun matricule trouvé, matricule initial affecté
10-02-2021 14:04:47.810 WARN  c.i.j.java350.service.EmployeService.embaucheEmploye - Aucun matricule trouvé, matricule initial affecté
10-02-2021 14:04:56.472 WARN  c.i.j.java350.service.EmployeService.embaucheEmploye - Aucun matricule trouvé, matricule initial affecté
10-02-2021 14:05:06.086 WARN  c.i.j.java350.service.EmployeService.embaucheEmploye - Aucun matricule trouvé, matricule initial affecté
10-02-2021 14:13:07.643 WARN  c.i.j.java350.service.EmployeService.embaucheEmploye - Aucun matricule trouvé, matricule initial affecté
10-02-2021 14:18:18.342 WARN  c.i.j.java350.service.EmployeService.embaucheEmploye - Aucun matricule trouvé, matricule initial affecté
10-02-2021 14:20:03.211 WARN  c.i.j.java350.service.EmployeService.embaucheEmploye - Aucun matricule trouvé, matricule initial affecté
10-02-2021 14:20:03.216 ERROR c.i.j.java350.service.EmployeService.embaucheEmploye - L'employé de matricule T00001 existe déjà en BDD
10-02-2021 14:20:03.285 WARN  c.i.j.java350.service.EmployeService.embaucheEmploye - Aucun matricule trouvé, matricule initial affecté
10-02-2021 14:20:03.298 ERROR c.i.j.java350.service.EmployeService.embaucheEmploye - Limite des 100000 matricules atteinte !
10-02-2021 14:21:42.493 INFO  c.i.j.java350.service.EmployeService.embaucheEmploye - Embauche d'un employé avec les infos suivantes : nom : Doe, prénom : John, poste TECHNICIEN, niveau d'étude : BTS_IUT, taux activité : 1.0
10-02-2021 14:21:42.500 WARN  c.i.j.java350.service.EmployeService.embaucheEmploye - Aucun matricule trouvé, matricule initial affecté
10-02-2021 14:21:42.501 ERROR c.i.j.java350.service.EmployeService.embaucheEmploye - L'employé de matricule T00001 existe déjà en BDD
10-02-2021 14:21:42.585 INFO  c.i.j.java350.service.EmployeService.embaucheEmploye - Embauche d'un employé avec les infos suivantes : nom : Doe, prénom : John, poste TECHNICIEN, niveau d'étude : BTS_IUT, taux activité : 1.0
10-02-2021 14:21:42.586 WARN  c.i.j.java350.service.EmployeService.embaucheEmploye - Aucun matricule trouvé, matricule initial affecté
10-02-2021 14:21:42.587 INFO  c.i.j.java350.service.EmployeService.embaucheEmploye - Employé créé : Employe{nom='Doe', prenom='John', matricule='T00001', dateEmbauche=2021-02-10, salaire=1825.46, performance=1, tempsPartiel=1.0}
10-02-2021 14:21:42.598 INFO  c.i.j.java350.service.EmployeService.embaucheEmploye - Embauche d'un employé avec les infos suivantes : nom : Doe, prénom : John, poste TECHNICIEN, niveau d'étude : BTS_IUT, taux activité : 1.0
10-02-2021 14:21:42.599 ERROR c.i.j.java350.service.EmployeService.embaucheEmploye - Limite des 100000 matricules atteinte !
